1634055582.426424 client started (32563): version 3.2a, socket /tmp/tmux-1000/default, protocol 8
1634055582.426447 on Linux 5.14.10-arch1-1 #1 SMP PREEMPT Thu, 07 Oct 2021 20:00:23 +0000
1634055582.426452 using libevent 2.1.12-stable (poll); ncurses 6.2
1634055582.426464 flags are 0x10010000
1634055582.426468 socket is /tmp/tmux-1000/default
1634055582.426474 trying connect
1634055582.426514 add peer 0x55811c96b100: 6 ((nil))
1634055582.426700 sending message 100 to peer 0x55811c96b100 (4 bytes)
1634055582.426706 sending message 111 to peer 0x55811c96b100 (8 bytes)
1634055582.426709 sending message 101 to peer 0x55811c96b100 (15 bytes)
1634055582.426712 sending message 109 to peer 0x55811c96b100 (4 bytes)
1634055582.426714 sending message 102 to peer 0x55811c96b100 (11 bytes)
1634055582.426717 sending message 108 to peer 0x55811c96b100 (26 bytes)
1634055582.426719 sending message 112 to peer 0x55811c96b100 (58 bytes)
1634055582.426722 sending message 112 to peer 0x55811c96b100 (5 bytes)
1634055582.426725 sending message 112 to peer 0x55811c96b100 (5 bytes)
1634055582.426727 sending message 112 to peer 0x55811c96b100 (6 bytes)
1634055582.426730 sending message 112 to peer 0x55811c96b100 (6 bytes)
1634055582.426732 sending message 112 to peer 0x55811c96b100 (11 bytes)
1634055582.426735 sending message 112 to peer 0x55811c96b100 (10 bytes)
1634055582.426737 sending message 112 to peer 0x55811c96b100 (13 bytes)
1634055582.426739 sending message 112 to peer 0x55811c96b100 (14 bytes)
1634055582.426742 sending message 112 to peer 0x55811c96b100 (19 bytes)
1634055582.426744 sending message 112 to peer 0x55811c96b100 (11 bytes)
1634055582.426747 sending message 112 to peer 0x55811c96b100 (10 bytes)
1634055582.426749 sending message 112 to peer 0x55811c96b100 (15 bytes)
1634055582.426751 sending message 112 to peer 0x55811c96b100 (21 bytes)
1634055582.426754 sending message 112 to peer 0x55811c96b100 (13 bytes)
1634055582.426756 sending message 112 to peer 0x55811c96b100 (7 bytes)
1634055582.426759 sending message 112 to peer 0x55811c96b100 (13 bytes)
1634055582.426761 sending message 112 to peer 0x55811c96b100 (7 bytes)
1634055582.426764 sending message 112 to peer 0x55811c96b100 (13 bytes)
1634055582.426766 sending message 112 to peer 0x55811c96b100 (9 bytes)
1634055582.426769 sending message 112 to peer 0x55811c96b100 (21 bytes)
1634055582.426771 sending message 112 to peer 0x55811c96b100 (13 bytes)
1634055582.426774 sending message 112 to peer 0x55811c96b100 (9 bytes)
1634055582.426776 sending message 112 to peer 0x55811c96b100 (16 bytes)
1634055582.426779 sending message 112 to peer 0x55811c96b100 (13 bytes)
1634055582.426781 sending message 112 to peer 0x55811c96b100 (9 bytes)
1634055582.426783 sending message 112 to peer 0x55811c96b100 (9 bytes)
1634055582.426786 sending message 112 to peer 0x55811c96b100 (12 bytes)
1634055582.426788 sending message 112 to peer 0x55811c96b100 (8 bytes)
1634055582.426791 sending message 112 to peer 0x55811c96b100 (8 bytes)
1634055582.426795 sending message 112 to peer 0x55811c96b100 (13 bytes)
1634055582.426798 sending message 112 to peer 0x55811c96b100 (7 bytes)
1634055582.426803 sending message 112 to peer 0x55811c96b100 (7 bytes)
1634055582.426806 sending message 112 to peer 0x55811c96b100 (9 bytes)
1634055582.426808 sending message 112 to peer 0x55811c96b100 (9 bytes)
1634055582.426810 sending message 112 to peer 0x55811c96b100 (15 bytes)
1634055582.426813 sending message 112 to peer 0x55811c96b100 (13 bytes)
1634055582.426815 sending message 112 to peer 0x55811c96b100 (12 bytes)
1634055582.426818 sending message 112 to peer 0x55811c96b100 (8 bytes)
1634055582.426820 sending message 112 to peer 0x55811c96b100 (14 bytes)
1634055582.426823 sending message 112 to peer 0x55811c96b100 (11 bytes)
1634055582.426825 sending message 112 to peer 0x55811c96b100 (9 bytes)
1634055582.426827 sending message 112 to peer 0x55811c96b100 (10 bytes)
1634055582.426830 sending message 112 to peer 0x55811c96b100 (10 bytes)
1634055582.426832 sending message 112 to peer 0x55811c96b100 (10 bytes)
1634055582.426835 sending message 112 to peer 0x55811c96b100 (10 bytes)
1634055582.426847 sending message 112 to peer 0x55811c96b100 (11 bytes)
1634055582.426849 sending message 112 to peer 0x55811c96b100 (12 bytes)
1634055582.426852 sending message 112 to peer 0x55811c96b100 (12 bytes)
1634055582.426854 sending message 112 to peer 0x55811c96b100 (12 bytes)
1634055582.426857 sending message 112 to peer 0x55811c96b100 (12 bytes)
1634055582.426859 sending message 112 to peer 0x55811c96b100 (12 bytes)
1634055582.426861 sending message 112 to peer 0x55811c96b100 (11 bytes)
1634055582.426864 sending message 112 to peer 0x55811c96b100 (11 bytes)
1634055582.426866 sending message 112 to peer 0x55811c96b100 (12 bytes)
1634055582.426869 sending message 112 to peer 0x55811c96b100 (12 bytes)
1634055582.426871 sending message 112 to peer 0x55811c96b100 (12 bytes)
1634055582.426873 sending message 112 to peer 0x55811c96b100 (12 bytes)
1634055582.426876 sending message 112 to peer 0x55811c96b100 (12 bytes)
1634055582.426878 sending message 112 to peer 0x55811c96b100 (9 bytes)
1634055582.426881 sending message 112 to peer 0x55811c96b100 (12 bytes)
1634055582.426883 sending message 112 to peer 0x55811c96b100 (13 bytes)
1634055582.426886 sending message 112 to peer 0x55811c96b100 (13 bytes)
1634055582.426888 sending message 112 to peer 0x55811c96b100 (13 bytes)
1634055582.426890 sending message 112 to peer 0x55811c96b100 (13 bytes)
1634055582.426893 sending message 112 to peer 0x55811c96b100 (13 bytes)
1634055582.426895 sending message 112 to peer 0x55811c96b100 (8 bytes)
1634055582.426898 sending message 112 to peer 0x55811c96b100 (11 bytes)
1634055582.426900 sending message 112 to peer 0x55811c96b100 (11 bytes)
1634055582.426902 sending message 112 to peer 0x55811c96b100 (11 bytes)
1634055582.426905 sending message 112 to peer 0x55811c96b100 (12 bytes)
1634055582.426907 sending message 112 to peer 0x55811c96b100 (12 bytes)
1634055582.426910 sending message 112 to peer 0x55811c96b100 (12 bytes)
1634055582.426912 sending message 112 to peer 0x55811c96b100 (12 bytes)
1634055582.426914 sending message 112 to peer 0x55811c96b100 (13 bytes)
1634055582.426917 sending message 112 to peer 0x55811c96b100 (13 bytes)
1634055582.426920 sending message 112 to peer 0x55811c96b100 (13 bytes)
1634055582.426922 sending message 112 to peer 0x55811c96b100 (8 bytes)
1634055582.426925 sending message 112 to peer 0x55811c96b100 (13 bytes)
1634055582.426927 sending message 112 to peer 0x55811c96b100 (13 bytes)
1634055582.426929 sending message 112 to peer 0x55811c96b100 (13 bytes)
1634055582.426932 sending message 112 to peer 0x55811c96b100 (13 bytes)
1634055582.426934 sending message 112 to peer 0x55811c96b100 (13 bytes)
1634055582.426937 sending message 112 to peer 0x55811c96b100 (12 bytes)
1634055582.426939 sending message 112 to peer 0x55811c96b100 (12 bytes)
1634055582.426941 sending message 112 to peer 0x55811c96b100 (12 bytes)
1634055582.426944 sending message 112 to peer 0x55811c96b100 (12 bytes)
1634055582.426946 sending message 112 to peer 0x55811c96b100 (13 bytes)
1634055582.426949 sending message 112 to peer 0x55811c96b100 (8 bytes)
1634055582.426951 sending message 112 to peer 0x55811c96b100 (13 bytes)
1634055582.426953 sending message 112 to peer 0x55811c96b100 (13 bytes)
1634055582.426956 sending message 112 to peer 0x55811c96b100 (13 bytes)
1634055582.426958 sending message 112 to peer 0x55811c96b100 (13 bytes)
1634055582.426961 sending message 112 to peer 0x55811c96b100 (13 bytes)
1634055582.426963 sending message 112 to peer 0x55811c96b100 (13 bytes)
1634055582.426965 sending message 112 to peer 0x55811c96b100 (13 bytes)
1634055582.426968 sending message 112 to peer 0x55811c96b100 (12 bytes)
1634055582.426970 sending message 112 to peer 0x55811c96b100 (12 bytes)
1634055582.426973 sending message 112 to peer 0x55811c96b100 (12 bytes)
1634055582.426975 sending message 112 to peer 0x55811c96b100 (8 bytes)
1634055582.426977 sending message 112 to peer 0x55811c96b100 (12 bytes)
1634055582.426980 sending message 112 to peer 0x55811c96b100 (13 bytes)
1634055582.426982 sending message 112 to peer 0x55811c96b100 (13 bytes)
1634055582.426987 sending message 112 to peer 0x55811c96b100 (13 bytes)
1634055582.426990 sending message 112 to peer 0x55811c96b100 (13 bytes)
1634055582.426992 sending message 112 to peer 0x55811c96b100 (13 bytes)
1634055582.426995 sending message 112 to peer 0x55811c96b100 (13 bytes)
1634055582.426997 sending message 112 to peer 0x55811c96b100 (13 bytes)
1634055582.427000 sending message 112 to peer 0x55811c96b100 (13 bytes)
1634055582.427002 sending message 112 to peer 0x55811c96b100 (12 bytes)
1634055582.427004 sending message 112 to peer 0x55811c96b100 (10 bytes)
1634055582.427007 sending message 112 to peer 0x55811c96b100 (12 bytes)
1634055582.427009 sending message 112 to peer 0x55811c96b100 (12 bytes)
1634055582.427012 sending message 112 to peer 0x55811c96b100 (12 bytes)
1634055582.427014 sending message 112 to peer 0x55811c96b100 (13 bytes)
1634055582.427016 sending message 112 to peer 0x55811c96b100 (13 bytes)
1634055582.427019 sending message 112 to peer 0x55811c96b100 (13 bytes)
1634055582.427021 sending message 112 to peer 0x55811c96b100 (13 bytes)
1634055582.427024 sending message 112 to peer 0x55811c96b100 (13 bytes)
1634055582.427026 sending message 112 to peer 0x55811c96b100 (13 bytes)
1634055582.427029 sending message 112 to peer 0x55811c96b100 (13 bytes)
1634055582.427031 sending message 112 to peer 0x55811c96b100 (10 bytes)
1634055582.427033 sending message 112 to peer 0x55811c96b100 (13 bytes)
1634055582.427036 sending message 112 to peer 0x55811c96b100 (12 bytes)
1634055582.427038 sending message 112 to peer 0x55811c96b100 (12 bytes)
1634055582.427041 sending message 112 to peer 0x55811c96b100 (12 bytes)
1634055582.427043 sending message 112 to peer 0x55811c96b100 (10 bytes)
1634055582.427046 sending message 112 to peer 0x55811c96b100 (10 bytes)
1634055582.427048 sending message 112 to peer 0x55811c96b100 (10 bytes)
1634055582.427050 sending message 112 to peer 0x55811c96b100 (12 bytes)
1634055582.427053 sending message 112 to peer 0x55811c96b100 (13 bytes)
1634055582.427055 sending message 112 to peer 0x55811c96b100 (13 bytes)
1634055582.427058 sending message 112 to peer 0x55811c96b100 (13 bytes)
1634055582.427067 sending message 112 to peer 0x55811c96b100 (13 bytes)
1634055582.427071 sending message 112 to peer 0x55811c96b100 (13 bytes)
1634055582.427074 sending message 112 to peer 0x55811c96b100 (10 bytes)
1634055582.427076 sending message 112 to peer 0x55811c96b100 (11 bytes)
1634055582.427079 sending message 112 to peer 0x55811c96b100 (12 bytes)
1634055582.427081 sending message 112 to peer 0x55811c96b100 (12 bytes)
1634055582.427084 sending message 112 to peer 0x55811c96b100 (12 bytes)
1634055582.427086 sending message 112 to peer 0x55811c96b100 (12 bytes)
1634055582.427089 sending message 112 to peer 0x55811c96b100 (12 bytes)
1634055582.427091 sending message 112 to peer 0x55811c96b100 (11 bytes)
1634055582.427093 sending message 112 to peer 0x55811c96b100 (12 bytes)
1634055582.427096 sending message 112 to peer 0x55811c96b100 (12 bytes)
1634055582.427098 sending message 112 to peer 0x55811c96b100 (13 bytes)
1634055582.427101 sending message 112 to peer 0x55811c96b100 (13 bytes)
1634055582.427103 sending message 112 to peer 0x55811c96b100 (13 bytes)
1634055582.427105 sending message 112 to peer 0x55811c96b100 (13 bytes)
1634055582.427108 sending message 112 to peer 0x55811c96b100 (13 bytes)
1634055582.427110 sending message 112 to peer 0x55811c96b100 (10 bytes)
1634055582.427113 sending message 112 to peer 0x55811c96b100 (9 bytes)
1634055582.427115 sending message 112 to peer 0x55811c96b100 (12 bytes)
1634055582.427117 sending message 112 to peer 0x55811c96b100 (13 bytes)
1634055582.427120 sending message 112 to peer 0x55811c96b100 (13 bytes)
1634055582.427122 sending message 112 to peer 0x55811c96b100 (13 bytes)
1634055582.427125 sending message 112 to peer 0x55811c96b100 (13 bytes)
1634055582.427127 sending message 112 to peer 0x55811c96b100 (13 bytes)
1634055582.427130 sending message 112 to peer 0x55811c96b100 (9 bytes)
1634055582.427132 sending message 112 to peer 0x55811c96b100 (12 bytes)
1634055582.427137 sending message 112 to peer 0x55811c96b100 (13 bytes)
1634055582.427139 sending message 112 to peer 0x55811c96b100 (13 bytes)
1634055582.427142 sending message 112 to peer 0x55811c96b100 (13 bytes)
1634055582.427144 sending message 112 to peer 0x55811c96b100 (13 bytes)
1634055582.427146 sending message 112 to peer 0x55811c96b100 (13 bytes)
1634055582.427149 sending message 112 to peer 0x55811c96b100 (11 bytes)
1634055582.427151 sending message 112 to peer 0x55811c96b100 (12 bytes)
1634055582.427154 sending message 112 to peer 0x55811c96b100 (13 bytes)
1634055582.427156 sending message 112 to peer 0x55811c96b100 (13 bytes)
1634055582.427159 sending message 112 to peer 0x55811c96b100 (13 bytes)
1634055582.427161 sending message 112 to peer 0x55811c96b100 (13 bytes)
1634055582.427163 sending message 112 to peer 0x55811c96b100 (13 bytes)
1634055582.427166 sending message 112 to peer 0x55811c96b100 (11 bytes)
1634055582.427168 sending message 112 to peer 0x55811c96b100 (12 bytes)
1634055582.427170 sending message 112 to peer 0x55811c96b100 (12 bytes)
1634055582.427173 sending message 112 to peer 0x55811c96b100 (12 bytes)
1634055582.427175 sending message 112 to peer 0x55811c96b100 (12 bytes)
1634055582.427178 sending message 112 to peer 0x55811c96b100 (12 bytes)
1634055582.427180 sending message 112 to peer 0x55811c96b100 (21 bytes)
1634055582.427182 sending message 112 to peer 0x55811c96b100 (12 bytes)
1634055582.427185 sending message 112 to peer 0x55811c96b100 (9 bytes)
1634055582.427187 sending message 112 to peer 0x55811c96b100 (6 bytes)
1634055582.427190 sending message 112 to peer 0x55811c96b100 (13 bytes)
1634055582.427192 sending message 112 to peer 0x55811c96b100 (10 bytes)
1634055582.427195 sending message 112 to peer 0x55811c96b100 (24 bytes)
1634055582.427197 sending message 112 to peer 0x55811c96b100 (13 bytes)
1634055582.427200 sending message 112 to peer 0x55811c96b100 (9 bytes)
1634055582.427202 sending message 112 to peer 0x55811c96b100 (70 bytes)
1634055582.427205 sending message 112 to peer 0x55811c96b100 (69 bytes)
1634055582.427207 sending message 112 to peer 0x55811c96b100 (12 bytes)
1634055582.427209 sending message 112 to peer 0x55811c96b100 (10 bytes)
1634055582.427212 sending message 112 to peer 0x55811c96b100 (10 bytes)
1634055582.427214 sending message 112 to peer 0x55811c96b100 (24 bytes)
1634055582.427217 sending message 112 to peer 0x55811c96b100 (13 bytes)
1634055582.427219 sending message 112 to peer 0x55811c96b100 (10 bytes)
1634055582.427222 sending message 112 to peer 0x55811c96b100 (10 bytes)
1634055582.427224 sending message 112 to peer 0x55811c96b100 (10 bytes)
1634055582.427226 sending message 112 to peer 0x55811c96b100 (13 bytes)
1634055582.427229 sending message 112 to peer 0x55811c96b100 (15 bytes)
1634055582.427231 sending message 112 to peer 0x55811c96b100 (5 bytes)
1634055582.427235 sending message 104 to peer 0x55811c96b100 (0 bytes)
1634055582.427238 sending message 110 to peer 0x55811c96b100 (0 bytes)
1634055582.427241 sending message 107 to peer 0x55811c96b100 (4 bytes)
1634055582.427243 sending message 105 to peer 0x55811c96b100 (11 bytes)
1634055582.427246 sending message 105 to peer 0x55811c96b100 (50 bytes)
1634055582.427248 sending message 105 to peer 0x55811c96b100 (20 bytes)
1634055582.427251 sending message 105 to peer 0x55811c96b100 (16 bytes)
1634055582.427253 sending message 105 to peer 0x55811c96b100 (54 bytes)
1634055582.427256 sending message 105 to peer 0x55811c96b100 (30 bytes)
1634055582.427258 sending message 105 to peer 0x55811c96b100 (22 bytes)
1634055582.427261 sending message 105 to peer 0x55811c96b100 (30 bytes)
1634055582.427263 sending message 105 to peer 0x55811c96b100 (32 bytes)
1634055582.427266 sending message 105 to peer 0x55811c96b100 (18 bytes)
1634055582.427268 sending message 105 to peer 0x55811c96b100 (16 bytes)
1634055582.427271 sending message 105 to peer 0x55811c96b100 (30 bytes)
1634055582.427273 sending message 105 to peer 0x55811c96b100 (27 bytes)
1634055582.427275 sending message 105 to peer 0x55811c96b100 (24 bytes)
1634055582.427280 sending message 105 to peer 0x55811c96b100 (20 bytes)
1634055582.427282 sending message 105 to peer 0x55811c96b100 (36 bytes)
1634055582.427285 sending message 105 to peer 0x55811c96b100 (36 bytes)
1634055582.427287 sending message 105 to peer 0x55811c96b100 (31 bytes)
1634055582.427290 sending message 105 to peer 0x55811c96b100 (18 bytes)
1634055582.427292 sending message 105 to peer 0x55811c96b100 (21 bytes)
1634055582.427295 sending message 105 to peer 0x55811c96b100 (20 bytes)
1634055582.427297 sending message 105 to peer 0x55811c96b100 (15 bytes)
1634055582.427300 sending message 105 to peer 0x55811c96b100 (17 bytes)
1634055582.427302 sending message 105 to peer 0x55811c96b100 (18 bytes)
1634055582.427304 sending message 105 to peer 0x55811c96b100 (27 bytes)
1634055582.427307 sending message 105 to peer 0x55811c96b100 (18 bytes)
1634055582.427309 sending message 105 to peer 0x55811c96b100 (20 bytes)
1634055582.427312 sending message 105 to peer 0x55811c96b100 (11 bytes)
1634055582.427314 sending message 105 to peer 0x55811c96b100 (20 bytes)
1634055582.427316 sending message 105 to peer 0x55811c96b100 (58 bytes)
1634055582.427319 sending message 105 to peer 0x55811c96b100 (13 bytes)
1634055582.427321 sending message 105 to peer 0x55811c96b100 (12 bytes)
1634055582.427324 sending message 105 to peer 0x55811c96b100 (15 bytes)
1634055582.427326 sending message 105 to peer 0x55811c96b100 (16 bytes)
1634055582.427328 sending message 105 to peer 0x55811c96b100 (21 bytes)
1634055582.427331 sending message 105 to peer 0x55811c96b100 (26 bytes)
1634055582.427334 sending message 105 to peer 0x55811c96b100 (33 bytes)
1634055582.427336 sending message 105 to peer 0x55811c96b100 (17 bytes)
1634055582.427338 sending message 105 to peer 0x55811c96b100 (15 bytes)
1634055582.427341 sending message 105 to peer 0x55811c96b100 (23 bytes)
1634055582.427343 sending message 105 to peer 0x55811c96b100 (20 bytes)
1634055582.427346 sending message 105 to peer 0x55811c96b100 (28 bytes)
1634055582.427348 sending message 105 to peer 0x55811c96b100 (23 bytes)
1634055582.427350 sending message 105 to peer 0x55811c96b100 (23 bytes)
1634055582.427353 sending message 105 to peer 0x55811c96b100 (25 bytes)
1634055582.427355 sending message 105 to peer 0x55811c96b100 (52 bytes)
1634055582.427358 sending message 105 to peer 0x55811c96b100 (109 bytes)
1634055582.427360 sending message 105 to peer 0x55811c96b100 (12 bytes)
1634055582.427363 sending message 105 to peer 0x55811c96b100 (8 bytes)
1634055582.427365 sending message 105 to peer 0x55811c96b100 (26 bytes)
1634055582.427368 sending message 106 to peer 0x55811c96b100 (0 bytes)
1634055582.427373 sending message 200 to peer 0x55811c96b100 (4 bytes)
1634055582.427376 client loop enter
1634055582.429180 peer 0x55811c96b100 message 303
1634055582.429194 open write file 2 -
1634055582.429202 sending message 305 to peer 0x55811c96b100 (8 bytes)
1634055582.429210 write check file 2
1634055582.429346 peer 0x55811c96b100 message 304
1634055582.429352 write 58 to file 2
1634055582.429356 peer 0x55811c96b100 message 203
1634055582.429359 file 2 58 bytes left
1634055582.429369 write check file 2
1634055582.429374 client loop exit
